build/app/outputs/mapping/release/seeds.txt
com.muliatech.smartqueue.MainActivity
com.muliatech.smartqueue.MainActivity: MainActivity()
...
io.flutter.embedding.engine.renderer.FlutterRenderer$ImageTextureRegistryEntry: void waitOnFence(android.media.Image)
kotlin.jvm.internal.CallableReference: kotlin.reflect.KDeclarationContainer getOwner()
androidx.appcompat.widget.LinearLayoutCompat: void setGravity(int)
com.dexterous.flutterlocalnotifications.models.ScheduledNotificationRepeatFrequency: ScheduledNotificationRepeatFrequency(java.lang.String,int)
io.flutter.plugin.platform.SingleViewPresentation: SingleViewPresentation(android.content.Context,android.view.Display,io.flutter.plugin.platform.AccessibilityEventsDelegate,io.flutter.plugin.platform.SingleViewPresentation$PresentationState,android.view.View$OnFocusChangeListener,boolean)
me.dm7.barcodescanner.core.BarcodeScannerView: void setBorderCornerRadius(int)
androidx.window.embedding.MatcherUtils: boolean areComponentsMatching$window_release(android.content.ComponentName,android.content.ComponentName)
androidx.appcompat.widget.AppCompatTextView: int getAutoSizeTextType()
com.dexterous.flutterlocalnotifications.FlutterLocalNotificationsPlugin: void pendingNotificationRequests(io.flutter.plugin.common.MethodChannel$Result)
androidx.appcompat.widget.Toolbar: androidx.appcompat.widget.DecorToolbar getWrapper()
androidx.core.graphics.drawable.IconCompat$Api23Impl: android.graphics.drawable.Icon toIcon(androidx.core.graphics.drawable.IconCompat,android.content.Context)
android.support.v4.media.AudioAttributesCompatParcelizer: AudioAttributesCompatParcelizer()
androidx.window.embedding.ActivityRule: ActivityRule(java.util.Set,boolean)
androidx.lifecycle.ReportFragment$LifecycleCallbacks: ReportFragment$LifecycleCallbacks()
com.google.android.material.floatingactionbutton.ExtendedFloatingActionButton$ExtendedFloatingActionButtonBehavior: ExtendedFloatingActionButton$ExtendedFloatingActionButtonBehavior(android.content.Context,android.util.AttributeSet)
com.dexterous.flutterlocalnotifications.FlutterLocalNotificationsPlugin: boolean launchedActivityFromHistory(android.content.Intent)
com.google.android.material.internal.FlowLayout: void setItemSpacing(int)
io.flutter.plugins.webviewflutter.JavaScriptChannel: void postMessage(java.lang.String)
io.flutter.embedding.engine.FlutterJNI: void scheduleFrame()
androidx.appcompat.widget.ActionBarContextView: java.lang.CharSequence getSubtitle()
com.google.android.material.textfield.TextInputLayout: java.lang.CharSequence getHint()
androidx.core.app.BundleCompat$Api18Impl: void putBinder(android.os.Bundle,java.lang.String,android.os.IBinder)
androidx.vectordrawable.graphics.drawable.VectorDrawableCompat$VGroup: java.lang.String getGroupName()
androidx.window.layout.SidecarWindowBackend$WindowLayoutChangeCallbackWrapper: void accept$lambda-0(androidx.window.layout.SidecarWindowBackend$WindowLayoutChangeCallbackWrapper,androidx.window.layout.WindowLayoutInfo)
com.google.android.material.chip.Chip: void setIconStartPadding(float)
io.flutter.embedding.android.TransparencyMode: io.flutter.embedding.android.TransparencyMode valueOf(java.lang.String)
androidx.vectordrawable.graphics.drawable.VectorDrawableCompat$VFullPath: void setTrimPathStart(float)
com.dexterous.flutterlocalnotifications.FlutterLocalNotificationsPlugin: void setInboxStyle(com.dexterous.flutterlocalnotifications.models.NotificationDetails,androidx.core.app.NotificationCompat$Builder)
com.google.android.material.chip.Chip: void setChipIconEnabled(boolean)
androidx.recyclerview.widget.RecyclerView: int computeHorizontalScrollOffset()
io.flutter.embedding.engine.FlutterOverlaySurface: android.view.Surface getSurface()
androidx.window.layout.DisplayCompatHelperApi28: int safeInsetLeft(android.view.DisplayCutout)
io.flutter.embedding.engine.renderer.FlutterRenderer$ImageReaderSurfaceProducer: int getWidth()
androidx.recyclerview.widget.RecyclerView: void addAnimatingView(androidx.recyclerview.widget.RecyclerView$ViewHolder)
com.google.android.material.textfield.TextInputLayout: int getErrorCurrentTextColors()