build/app/outputs/mapping/release/mapping.txt
# compiler: R8
# compiler_version: 3.1.66
# min_api: 21
# pg_map_id: 6f0b4d1
# common_typos_disable
# {"id":"com.android.tools.r8.mapping","version":"1.0"}
...
com.google.gson.internal.bind.DefaultDateTypeAdapter$DateType$1 -> b1.d$b$a:
    java.util.Date deserialize(java.util.Date) -> d
com.google.gson.internal.bind.JsonAdapterAnnotationTypeAdapterFactory -> b1.e:
    com.google.gson.internal.ConstructorConstructor constructorConstructor -> e
    com.google.gson.TypeAdapter getTypeAdapter(com.google.gson.internal.ConstructorConstructor,com.google.gson.Gson,com.google.gson.reflect.TypeToken,com.google.gson.annotations.JsonAdapter) -> a
com.google.gson.internal.bind.JsonTreeReader -> b1.f:
    java.lang.Object[] stack -> t
    int[] pathIndices -> w
    java.io.Reader UNREADABLE_READER -> x
    java.lang.Object SENTINEL_CLOSED -> y
    int stackSize -> u
    java.lang.String[] pathNames -> v
    void skipValue() -> H
    void expect(com.google.gson.stream.JsonToken) -> J
    com.google.gson.JsonElement nextJsonElement() -> K
    java.lang.Object peekStack() -> L
    java.lang.Object popStack() -> M
    void promoteNameToValue() -> N
    void push(java.lang.Object) -> O
    void beginArray() -> a
    void beginObject() -> b
    void endArray() -> f
    void endObject() -> g
    java.lang.String getPath() -> i
    boolean hasNext() -> j
    java.lang.String locationString() -> m
    boolean nextBoolean() -> n
    double nextDouble() -> o
    int nextInt() -> p
    long nextLong() -> q
    java.lang.String nextName() -> r
    void nextNull() -> t
    java.lang.String nextString() -> v
    com.google.gson.stream.JsonToken peek() -> x
com.google.gson.internal.bind.JsonTreeReader$1 -> b1.f$a:
com.google.gson.internal.bind.JsonTreeWriter -> b1.g:
    java.util.List stack -> p
    java.lang.String pendingName -> q
    java.io.Writer UNWRITABLE_WRITER -> s
    com.google.gson.JsonElement product -> r
    com.google.gson.JsonPrimitive SENTINEL_CLOSED -> t
    com.google.gson.stream.JsonWriter value(boolean) -> A
    com.google.gson.JsonElement get() -> C
    com.google.gson.JsonElement peek() -> D
    void put(com.google.gson.JsonElement) -> E
    com.google.gson.stream.JsonWriter beginArray() -> c
    com.google.gson.stream.JsonWriter beginObject() -> d
    com.google.gson.stream.JsonWriter endArray() -> f
    com.google.gson.stream.JsonWriter endObject() -> g
    com.google.gson.stream.JsonWriter name(java.lang.String) -> k
    com.google.gson.stream.JsonWriter nullValue() -> m
    com.google.gson.stream.JsonWriter value(long) -> w
    com.google.gson.stream.JsonWriter value(java.lang.Boolean) -> x
    com.google.gson.stream.JsonWriter value(java.lang.Number) -> y
    com.google.gson.stream.JsonWriter value(java.lang.String) -> z
com.google.gson.internal.bind.JsonTreeWriter$1 -> b1.g$a:
com.google.gson.internal.bind.MapTypeAdapterFactory -> b1.h:
    com.google.gson.internal.ConstructorConstructor constructorConstructor -> e
    boolean complexMapKeySerialization -> f
    com.google.gson.TypeAdapter getKeyAdapter(com.google.gson.Gson,java.lang.reflect.Type) -> a
com.google.gson.internal.bind.MapTypeAdapterFactory$Adapter -> b1.h$a:
    com.google.gson.internal.bind.MapTypeAdapterFactory this$0 -> d
    com.google.gson.internal.ObjectConstructor constructor -> c
    com.google.gson.TypeAdapter valueTypeAdapter -> b
    com.google.gson.TypeAdapter keyTypeAdapter -> a
    java.lang.Object read(com.google.gson.stream.JsonReader) -> c
    void write(com.google.gson.stream.JsonWriter,java.lang.Object) -> e
    java.lang.String keyToString(com.google.gson.JsonElement) -> f
    java.util.Map read(com.google.gson.stream.JsonReader) -> g
    void write(com.google.gson.stream.JsonWriter,java.util.Map) -> h