build/app/outputs/mapping/release/usage.txt
com.muliatech.smartqueue.BuildConfig
com.muliatech.smartqueue.R$anim
com.muliatech.smartqueue.R$animator
com.muliatech.smartqueue.R$attr
com.muliatech.smartqueue.R$bool
com.muliatech.smartqueue.R$color
com.muliatech.smartqueue.R$dimen
com.muliatech.smartqueue.R$drawable
com.muliatech.smartqueue.R$id
com.muliatech.smartqueue.R$integer
com.muliatech.smartqueue.R$interpolator
com.muliatech.smartqueue.R$layout
com.muliatech.smartqueue.R$mipmap
com.muliatech.smartqueue.R$plurals
com.muliatech.smartqueue.R$string
com.muliatech.smartqueue.R$style
com.muliatech.smartqueue.R$styleable
com.muliatech.smartqueue.R$xml
com.muliatech.smartqueue.R
...
kotlinx.coroutines.flow.FlowKt__ReduceKt$last$1
kotlinx.coroutines.flow.FlowKt__ReduceKt$lastOrNull$$inlined$collect$1
kotlinx.coroutines.flow.FlowKt__ReduceKt$lastOrNull$1
kotlinx.coroutines.flow.FlowKt__ReduceKt$reduce$$inlined$collect$1$1
kotlinx.coroutines.flow.FlowKt__ReduceKt$reduce$$inlined$collect$1
kotlinx.coroutines.flow.FlowKt__ReduceKt$reduce$1
kotlinx.coroutines.flow.FlowKt__ReduceKt$single$$inlined$collect$1
kotlinx.coroutines.flow.FlowKt__ReduceKt$single$1
kotlinx.coroutines.flow.FlowKt__ReduceKt$singleOrNull$$inlined$collectWhile$1
kotlinx.coroutines.flow.FlowKt__ReduceKt$singleOrNull$1
kotlinx.coroutines.flow.FlowKt__ReduceKt
kotlinx.coroutines.flow.FlowKt__ShareKt$launchSharing$1$1
kotlinx.coroutines.flow.FlowKt__ShareKt$launchSharing$1$2$WhenMappings
kotlinx.coroutines.flow.FlowKt__ShareKt$launchSharing$1$2
kotlinx.coroutines.flow.FlowKt__ShareKt$launchSharing$1
kotlinx.coroutines.flow.FlowKt__ShareKt$launchSharingDeferred$1$invokeSuspend$$inlined$collect$1
kotlinx.coroutines.flow.FlowKt__ShareKt$launchSharingDeferred$1
kotlinx.coroutines.flow.FlowKt__ShareKt
kotlinx.coroutines.flow.FlowKt__TransformKt$filter$$inlined$unsafeTransform$1$1
kotlinx.coroutines.flow.FlowKt__TransformKt$filter$$inlined$unsafeTransform$1$2$1
kotlinx.coroutines.flow.FlowKt__TransformKt$filter$$inlined$unsafeTransform$1$2
kotlinx.coroutines.flow.FlowKt__TransformKt$filter$$inlined$unsafeTransform$1
kotlinx.coroutines.flow.FlowKt__TransformKt$filterIsInstance$$inlined$filter$1$1
kotlinx.coroutines.flow.FlowKt__TransformKt$filterIsInstance$$inlined$filter$1$2$1
kotlinx.coroutines.flow.FlowKt__TransformKt$filterIsInstance$$inlined$filter$1$2
kotlinx.coroutines.flow.FlowKt__TransformKt$filterIsInstance$$inlined$filter$1
kotlinx.coroutines.flow.FlowKt__TransformKt$filterNot$$inlined$unsafeTransform$1$1
kotlinx.coroutines.flow.FlowKt__TransformKt$filterNot$$inlined$unsafeTransform$1$2$1
kotlinx.coroutines.flow.FlowKt__TransformKt$filterNot$$inlined$unsafeTransform$1$2
kotlinx.coroutines.flow.FlowKt__TransformKt$filterNot$$inlined$unsafeTransform$1
kotlinx.coroutines.flow.FlowKt__TransformKt$filterNotNull$$inlined$unsafeTransform$1$2$1
kotlinx.coroutines.flow.FlowKt__TransformKt$filterNotNull$$inlined$unsafeTransform$1$2
kotlinx.coroutines.flow.FlowKt__TransformKt$filterNotNull$$inlined$unsafeTransform$1
kotlinx.coroutines.flow.FlowKt__TransformKt$map$$inlined$unsafeTransform$1$1
kotlinx.coroutines.flow.FlowKt__TransformKt$map$$inlined$unsafeTransform$1$2$1
kotlinx.coroutines.flow.FlowKt__TransformKt$map$$inlined$unsafeTransform$1$2
kotlinx.coroutines.flow.FlowKt__TransformKt$map$$inlined$unsafeTransform$1
kotlinx.coroutines.flow.FlowKt__TransformKt$mapNotNull$$inlined$unsafeTransform$1$1
kotlinx.coroutines.flow.FlowKt__TransformKt$mapNotNull$$inlined$unsafeTransform$1$2$1
kotlinx.coroutines.flow.FlowKt__TransformKt$mapNotNull$$inlined$unsafeTransform$1$2
kotlinx.coroutines.flow.FlowKt__TransformKt$mapNotNull$$inlined$unsafeTransform$1
kotlinx.coroutines.flow.FlowKt__TransformKt$onEach$$inlined$unsafeTransform$1$2$1
kotlinx.coroutines.flow.FlowKt__TransformKt$onEach$$inlined$unsafeTransform$1$2
kotlinx.coroutines.flow.FlowKt__TransformKt$onEach$$inlined$unsafeTransform$1
kotlinx.coroutines.flow.FlowKt__TransformKt$runningFold$$inlined$unsafeFlow$1$1
kotlinx.coroutines.flow.FlowKt__TransformKt$runningFold$$inlined$unsafeFlow$1
kotlinx.coroutines.flow.FlowKt__TransformKt$runningFold$lambda-10$$inlined$collect$1$1
kotlinx.coroutines.flow.FlowKt__TransformKt$runningFold$lambda-10$$inlined$collect$1
kotlinx.coroutines.flow.FlowKt__TransformKt$runningReduce$$inlined$unsafeFlow$1
kotlinx.coroutines.flow.FlowKt__TransformKt$runningReduce$lambda-12$$inlined$collect$1$1
kotlinx.coroutines.flow.FlowKt__TransformKt$runningReduce$lambda-12$$inlined$collect$1
kotlinx.coroutines.flow.FlowKt__TransformKt$withIndex$$inlined$unsafeFlow$1
kotlinx.coroutines.flow.FlowKt__TransformKt$withIndex$lambda-7$$inlined$collect$1